{
  "stats": {
    "suites": 2,
    "tests": 3,
    "passes": 3,
    "pending": 0,
    "failures": 0,
    "start": "2025-06-09T17:58:35.881Z",
    "end": "2025-06-09T17:59:11.595Z",
    "duration": 35714,
    "testsRegistered": 3,
    "passPercent": 100,
    "pendingPercent": 0,
    "other": 0,
    "hasOther": false,
    "skipped": 0,
    "hasSkipped": false
  },
  "results": [
    {
      "uuid": "774ec41c-3ed0-49a8-97b3-f2e8f1736eec",
      "title": "",
      "fullFile": "cypress\\e2e\\carrinho.cy.js",
      "file": "cypress\\e2e\\carrinho.cy.js",
      "beforeHooks": [],
      "afterHooks": [],
      "tests": [],
      "suites": [
        {
          "uuid": "dd952998-27b9-427e-a88b-82cb9cdd522a",
          "title": "Funcionalidade carrinho",
          "fullFile": "",
          "file": "",
          "beforeHooks": [],
          "afterHooks": [],
          "tests": [
            {
              "title": "Deve adicionar um produto ao carrinho",
              "fullTitle": "Funcionalidade carrinho Deve adicionar um produto ao carrinho",
              "timedOut": null,
              "duration": 16209,
              "state": "passed",
              "speed": "slow",
              "pass": true,
              "fail": false,
              "pending": false,
              "context": null,
              "code": "cy.adicionarProdutoAoCarrinho('Augusta Pullover Jacket', 'M', 'Blue', 2);\ncy.get('.checkout-button').click();\ncy.preencherCheckout();\ncy.contains('Obrigado. Seu pedido foi recebido.').should('be.visible');",
              "err": {},
              "uuid": "9e5fed94-ecec-402f-a3a5-ae006ff70e58",
              "parentUUID": "dd952998-27b9-427e-a88b-82cb9cdd522a",
              "isHook": false,
              "skipped": false
            },
            {
              "title": "Deve adicionar produto ao carrinho usando intercept",
              "fullTitle": "Funcionalidade carrinho Deve adicionar produto ao carrinho usando intercept",
              "timedOut": null,
              "duration": 15472,
              "state": "passed",
              "speed": "slow",
              "pass": true,
              "fail": false,
              "pending": false,
              "context": null,
              "code": "cy.intercept('POST', '**/wp-admin/admin-ajax.php', {\n  fixture: 'carrinho.json'\n}).as('addCarrinho');\ncy.adicionarProdutoAoCarrinho('Augusta Pullover Jacket', 'M', 'Blue', 2);\ncy.wait('@addCarrinho').its('response.statusCode').should('eq', 200);\ncy.get('.checkout-button').click();\ncy.preencherCheckout();\ncy.contains('Obrigado. Seu pedido foi recebido.').should('be.visible');",
              "err": {},
              "uuid": "9f6e2b0c-0ef0-4d4e-97c5-3ec68d9df97b",
              "parentUUID": "dd952998-27b9-427e-a88b-82cb9cdd522a",
              "isHook": false,
              "skipped": false
            }
          ],
          "suites": [],
          "passes": [
            "9e5fed94-ecec-402f-a3a5-ae006ff70e58",
            "9f6e2b0c-0ef0-4d4e-97c5-3ec68d9df97b"
          ],
          "failures": [],
          "pending": [],
          "skipped": [],
          "duration": 31681,
          "root": false,
          "rootEmpty": false,
          "_timeout": 2000
        },
        {
          "uuid": "53ae8703-5e57-47cc-bcd7-0c03fc08f108",
          "title": "Funcionalidade carrinho usando cookie \"ebacVersion\"",
          "fullFile": "",
          "file": "",
          "beforeHooks": [],
          "afterHooks": [],
          "tests": [
            {
              "title": "Deve adicionar e remover produto do carrinho",
              "fullTitle": "Funcionalidade carrinho usando cookie \"ebacVersion\" Deve adicionar e remover produto do carrinho",
              "timedOut": null,
              "duration": 3695,
              "state": "passed",
              "speed": "fast",
              "pass": true,
              "fail": false,
              "pending": false,
              "context": null,
              "code": "cy.intercept('PUT', '/public/updateCart/*', {\n  fixture: 'carrinhoCookie.json'\n}).as('addCarrinhoCookie');\ncy.addProdutoCookie();\ncy.wait('@addCarrinhoCookie').its('response.statusCode').should('eq', 200);\ncy.get('[data-testid=\"emptyCart\"]').should('have.text', 'Your cart is empty');",
              "err": {},
              "uuid": "518f39ab-3d57-41c3-93b5-5cc2cb3d3aba",
              "parentUUID": "53ae8703-5e57-47cc-bcd7-0c03fc08f108",
              "isHook": false,
              "skipped": false
            }
          ],
          "suites": [],
          "passes": [
            "518f39ab-3d57-41c3-93b5-5cc2cb3d3aba"
          ],
          "failures": [],
          "pending": [],
          "skipped": [],
          "duration": 3695,
          "root": false,
          "rootEmpty": false,
          "_timeout": 2000
        }
      ],
      "passes": [],
      "failures": [],
      "pending": [],
      "skipped": [],
      "duration": 0,
      "root": true,
      "rootEmpty": true,
      "_timeout": 2000
    }
  ],
  "meta": {
    "mocha": {
      "version": "7.2.0"
    },
    "mochawesome": {
      "options": {
        "quiet": false,
        "reportFilename": "mochawesome",
        "saveHtml": false,
        "saveJson": true,
        "consoleReporter": "spec",
        "useInlineDiffs": false,
        "code": true
      },
      "version": "7.1.3"
    },
    "marge": {
      "options": {
        "reportDir": "cypress/results",
        "overwrite": false,
        "html": false,
        "json": true
      },
      "version": "6.2.0"
    }
  }
}