{
  "stats": {
    "suites": 2,
    "tests": 3,
    "passes": 3,
    "pending": 0,
    "failures": 0,
    "start": "2025-06-09T18:09:11.523Z",
    "end": "2025-06-09T18:09:46.547Z",
    "duration": 35024,
    "testsRegistered": 3,
    "passPercent": 100,
    "pendingPercent": 0,
    "other": 0,
    "hasOther": false,
    "skipped": 0,
    "hasSkipped": false
  },
  "results": [
    {
      "uuid": "fc774504-9b76-4c93-b61c-a040ed67a3fa",
      "title": "",
      "fullFile": "cypress\\e2e\\carrinho.cy.js",
      "file": "cypress\\e2e\\carrinho.cy.js",
      "beforeHooks": [],
      "afterHooks": [],
      "tests": [],
      "suites": [
        {
          "uuid": "5bd33762-dffa-47f2-81c8-ea2aa7454a37",
          "title": "Funcionalidade carrinho",
          "fullFile": "",
          "file": "",
          "beforeHooks": [],
          "afterHooks": [],
          "tests": [
            {
              "title": "Deve adicionar um produto ao carrinho",
              "fullTitle": "Funcionalidade carrinho Deve adicionar um produto ao carrinho",
              "timedOut": null,
              "duration": 16442,
              "state": "passed",
              "speed": "slow",
              "pass": true,
              "fail": false,
              "pending": false,
              "context": null,
              "code": "cy.adicionarProdutoAoCarrinho('Augusta Pullover Jacket', 'M', 'Blue', 2);\ncy.get('.checkout-button').click();\ncy.preencherCheckout();\ncy.contains('Obrigado. Seu pedido foi recebido.').should('be.visible');",
              "err": {},
              "uuid": "59606871-97e9-412d-b2a7-f0aeabd1c77c",
              "parentUUID": "5bd33762-dffa-47f2-81c8-ea2aa7454a37",
              "isHook": false,
              "skipped": false
            },
            {
              "title": "Deve adicionar produto ao carrinho usando intercept",
              "fullTitle": "Funcionalidade carrinho Deve adicionar produto ao carrinho usando intercept",
              "timedOut": null,
              "duration": 14712,
              "state": "passed",
              "speed": "slow",
              "pass": true,
              "fail": false,
              "pending": false,
              "context": null,
              "code": "cy.intercept('POST', '**/wp-admin/admin-ajax.php', {\n  fixture: 'carrinho.json'\n}).as('addCarrinho');\ncy.adicionarProdutoAoCarrinho('Augusta Pullover Jacket', 'M', 'Blue', 2);\ncy.wait('@addCarrinho').its('response.statusCode').should('eq', 200);\ncy.get('.checkout-button').click();\ncy.preencherCheckout();\ncy.contains('Obrigado. Seu pedido foi recebido.').should('be.visible');",
              "err": {},
              "uuid": "093cda12-04c8-412c-8e9e-e4055a94056d",
              "parentUUID": "5bd33762-dffa-47f2-81c8-ea2aa7454a37",
              "isHook": false,
              "skipped": false
            }
          ],
          "suites": [],
          "passes": [
            "59606871-97e9-412d-b2a7-f0aeabd1c77c",
            "093cda12-04c8-412c-8e9e-e4055a94056d"
          ],
          "failures": [],
          "pending": [],
          "skipped": [],
          "duration": 31154,
          "root": false,
          "rootEmpty": false,
          "_timeout": 2000
        },
        {
          "uuid": "2b8fa9d6-7e69-4168-96a3-50f75d42392f",
          "title": "Funcionalidade carrinho usando cookie \"ebacVersion\"",
          "fullFile": "",
          "file": "",
          "beforeHooks": [],
          "afterHooks": [],
          "tests": [
            {
              "title": "Deve adicionar e remover produto do carrinho",
              "fullTitle": "Funcionalidade carrinho usando cookie \"ebacVersion\" Deve adicionar e remover produto do carrinho",
              "timedOut": null,
              "duration": 3523,
              "state": "passed",
              "speed": "fast",
              "pass": true,
              "fail": false,
              "pending": false,
              "context": null,
              "code": "cy.intercept('PUT', '/public/updateCart/*', {\n  fixture: 'carrinhoCookie.json'\n}).as('addCarrinhoCookie');\ncy.addProdutoCookie();\ncy.wait('@addCarrinhoCookie').its('response.statusCode').should('eq', 200);\ncy.get('[data-testid=\"emptyCart\"]').should('have.text', 'Your cart is empty');",
              "err": {},
              "uuid": "327fb51a-3106-4bfb-ad90-ad4969fcdf7e",
              "parentUUID": "2b8fa9d6-7e69-4168-96a3-50f75d42392f",
              "isHook": false,
              "skipped": false
            }
          ],
          "suites": [],
          "passes": [
            "327fb51a-3106-4bfb-ad90-ad4969fcdf7e"
          ],
          "failures": [],
          "pending": [],
          "skipped": [],
          "duration": 3523,
          "root": false,
          "rootEmpty": false,
          "_timeout": 2000
        }
      ],
      "passes": [],
      "failures": [],
      "pending": [],
      "skipped": [],
      "duration": 0,
      "root": true,
      "rootEmpty": true,
      "_timeout": 2000
    }
  ],
  "meta": {
    "mocha": {
      "version": "7.2.0"
    },
    "mochawesome": {
      "options": {
        "quiet": false,
        "reportFilename": "mochawesome",
        "saveHtml": false,
        "saveJson": true,
        "consoleReporter": "spec",
        "useInlineDiffs": false,
        "code": true
      },
      "version": "7.1.3"
    },
    "marge": {
      "options": {
        "reportDir": "cypress/results",
        "overwrite": false,
        "html": false,
        "json": true
      },
      "version": "6.2.0"
    }
  }
}