{
  "stats": {
    "suites": 1,
    "tests": 1,
    "passes": 1,
    "pending": 0,
    "failures": 0,
    "start": "2025-06-09T17:55:39.949Z",
    "end": "2025-06-09T17:55:48.862Z",
    "duration": 8913,
    "testsRegistered": 1,
    "passPercent": 100,
    "pendingPercent": 0,
    "other": 0,
    "hasOther": false,
    "skipped": 0,
    "hasSkipped": false
  },
  "results": [
    {
      "uuid": "f3ebae59-b569-4299-a110-c6578f871551",
      "title": "",
      "fullFile": "cypress\\e2e\\cadastro.cy.js",
      "file": "cypress\\e2e\\cadastro.cy.js",
      "beforeHooks": [],
      "afterHooks": [],
      "tests": [],
      "suites": [
        {
          "uuid": "eb751cf4-eb80-404f-8c36-c45b52e09a00",
          "title": "Cadastro de usuário",
          "fullFile": "",
          "file": "",
          "beforeHooks": [],
          "afterHooks": [],
          "tests": [
            {
              "title": "Deve cadastrar usuário com sucesso",
              "fullTitle": "Cadastro de usuário Deve cadastrar usuário com sucesso",
              "timedOut": null,
              "duration": 8885,
              "state": "passed",
              "speed": "medium",
              "pass": true,
              "fail": false,
              "pending": false,
              "context": null,
              "code": "const email = _faker.faker.internet.email();\nconst senha = _faker.faker.internet.password(10, true);\n_cadastroPage.cadastroPage.acessarCadastro();\n_cadastroPage.cadastroPage.preencherEmail(email);\n_cadastroPage.cadastroPage.preencherSenha(senha);\n_cadastroPage.cadastroPage.enviar();\n_cadastroPage.cadastroPage.verificarContaCriada();",
              "err": {},
              "uuid": "7a02bddc-61f0-464a-bff5-fff8a35530a5",
              "parentUUID": "eb751cf4-eb80-404f-8c36-c45b52e09a00",
              "isHook": false,
              "skipped": false
            }
          ],
          "suites": [],
          "passes": [
            "7a02bddc-61f0-464a-bff5-fff8a35530a5"
          ],
          "failures": [],
          "pending": [],
          "skipped": [],
          "duration": 8885,
          "root": false,
          "rootEmpty": false,
          "_timeout": 2000
        }
      ],
      "passes": [],
      "failures": [],
      "pending": [],
      "skipped": [],
      "duration": 0,
      "root": true,
      "rootEmpty": true,
      "_timeout": 2000
    }
  ],
  "meta": {
    "mocha": {
      "version": "7.2.0"
    },
    "mochawesome": {
      "options": {
        "quiet": false,
        "reportFilename": "mochawesome",
        "saveHtml": false,
        "saveJson": true,
        "consoleReporter": "spec",
        "useInlineDiffs": false,
        "code": true
      },
      "version": "7.1.3"
    },
    "marge": {
      "options": {
        "reportDir": "cypress/results",
        "overwrite": false,
        "html": false,
        "json": true
      },
      "version": "6.2.0"
    }
  }
}