{
  "stats": {
    "suites": 1,
    "tests": 1,
    "passes": 1,
    "pending": 0,
    "failures": 0,
    "start": "2025-06-09T17:55:51.575Z",
    "end": "2025-06-09T17:56:07.651Z",
    "duration": 16076,
    "testsRegistered": 1,
    "passPercent": 100,
    "pendingPercent": 0,
    "other": 0,
    "hasOther": false,
    "skipped": 0,
    "hasSkipped": false
  },
  "results": [
    {
      "uuid": "e8e22c9b-379c-4fc8-95ee-fe13a0b1a131",
      "title": "",
      "fullFile": "cypress\\e2e\\carrinho.cy.js",
      "file": "cypress\\e2e\\carrinho.cy.js",
      "beforeHooks": [],
      "afterHooks": [],
      "tests": [],
      "suites": [
        {
          "uuid": "8d496a61-cdff-47b2-a3b2-e31d082ed12a",
          "title": "Funcionalidade carrinho",
          "fullFile": "",
          "file": "",
          "beforeHooks": [],
          "afterHooks": [],
          "tests": [
            {
              "title": "Deve adicionar um produto ao carrinho",
              "fullTitle": "Funcionalidade carrinho Deve adicionar um produto ao carrinho",
              "timedOut": null,
              "duration": 16043,
              "state": "passed",
              "speed": "slow",
              "pass": true,
              "fail": false,
              "pending": false,
              "context": null,
              "code": "cy.adicionarProdutoAoCarrinho('Augusta Pullover Jacket', 'M', 'Blue', 2);\ncy.get('.checkout-button').click();\ncy.preencherCheckout();\ncy.contains('Obrigado. Seu pedido foi recebido.').should('be.visible');",
              "err": {},
              "uuid": "eb77ed61-8e6f-4f41-b019-db257722ae63",
              "parentUUID": "8d496a61-cdff-47b2-a3b2-e31d082ed12a",
              "isHook": false,
              "skipped": false
            }
          ],
          "suites": [],
          "passes": [
            "eb77ed61-8e6f-4f41-b019-db257722ae63"
          ],
          "failures": [],
          "pending": [],
          "skipped": [],
          "duration": 16043,
          "root": false,
          "rootEmpty": false,
          "_timeout": 2000
        }
      ],
      "passes": [],
      "failures": [],
      "pending": [],
      "skipped": [],
      "duration": 0,
      "root": true,
      "rootEmpty": true,
      "_timeout": 2000
    }
  ],
  "meta": {
    "mocha": {
      "version": "7.2.0"
    },
    "mochawesome": {
      "options": {
        "quiet": false,
        "reportFilename": "mochawesome",
        "saveHtml": false,
        "saveJson": true,
        "consoleReporter": "spec",
        "useInlineDiffs": false,
        "code": true
      },
      "version": "7.1.3"
    },
    "marge": {
      "options": {
        "reportDir": "cypress/results",
        "overwrite": false,
        "html": false,
        "json": true
      },
      "version": "6.2.0"
    }
  }
}