{
  "stats": {
    "suites": 2,
    "tests": 3,
    "passes": 2,
    "pending": 0,
    "failures": 1,
    "start": "2025-06-09T18:03:58.128Z",
    "end": "2025-06-09T18:04:23.494Z",
    "duration": 25366,
    "testsRegistered": 3,
    "passPercent": 66.66666666666666,
    "pendingPercent": 0,
    "other": 0,
    "hasOther": false,
    "skipped": 0,
    "hasSkipped": false
  },
  "results": [
    {
      "uuid": "e6156db8-370b-483d-bcdb-d969a21dd312",
      "title": "",
      "fullFile": "cypress\\e2e\\carrinho.cy.js",
      "file": "cypress\\e2e\\carrinho.cy.js",
      "beforeHooks": [],
      "afterHooks": [],
      "tests": [],
      "suites": [
        {
          "uuid": "c43c0616-88f5-468e-8c4d-11b303a05a4d",
          "title": "Funcionalidade carrinho",
          "fullFile": "",
          "file": "",
          "beforeHooks": [],
          "afterHooks": [],
          "tests": [
            {
              "title": "Deve adicionar um produto ao carrinho",
              "fullTitle": "Funcionalidade carrinho Deve adicionar um produto ao carrinho",
              "timedOut": null,
              "duration": 15377,
              "state": "passed",
              "speed": "slow",
              "pass": true,
              "fail": false,
              "pending": false,
              "context": null,
              "code": "cy.adicionarProdutoAoCarrinho('Augusta Pullover Jacket', 'M', 'Blue', 2);\ncy.get('.checkout-button').click();\ncy.preencherCheckout();\ncy.contains('Obrigado. Seu pedido foi recebido.').should('be.visible');",
              "err": {},
              "uuid": "55992da1-298d-43fd-918d-91894c0c9b83",
              "parentUUID": "c43c0616-88f5-468e-8c4d-11b303a05a4d",
              "isHook": false,
              "skipped": false
            },
            {
              "title": "Deve adicionar produto ao carrinho usando intercept",
              "fullTitle": "Funcionalidade carrinho Deve adicionar produto ao carrinho usando intercept",
              "timedOut": null,
              "duration": 7279,
              "state": "failed",
              "speed": null,
              "pass": false,
              "fail": true,
              "pending": false,
              "context": null,
              "code": "cy.intercept('POST', '**/wp-admin/admin-ajax.php', {\n  fixture: 'carrinho.json'\n}).as('addCarrinho');\ncy.adicionarProdutoAoCarrinho('Augusta Pullover Jacket', 'M', 'Blue', 2);\ncy.wait('@addCarrinho').its('response.statusCode').should('eq', 200);\ncy.get('.checkout-button').click();\ncy.preencherCheckout();\ncy.contains('Obrigado. Seu pedido foi recebido.').should('be.visible');",
              "err": {
                "message": "AssertionError: Timed out retrying after 4000ms: Expected to find element: `.woocommerce-message > .button`, but never found it.",
                "estack": "AssertionError: Timed out retrying after 4000ms: Expected to find element: `.woocommerce-message > .button`, but never found it.\n    at Context.eval (webpack://pageobjects_appactions/./cypress/support/commands.js:7:5)\n    at wrapped (http://lojaebac.ebaconline.art.br/__cypress/runner/cypress_runner.js:141125:43)",
                "diff": null
              },
              "uuid": "8eaf00d4-a4a4-439b-a56d-2a8ea88c5290",
              "parentUUID": "c43c0616-88f5-468e-8c4d-11b303a05a4d",
              "isHook": false,
              "skipped": false
            }
          ],
          "suites": [],
          "passes": [
            "55992da1-298d-43fd-918d-91894c0c9b83"
          ],
          "failures": [
            "8eaf00d4-a4a4-439b-a56d-2a8ea88c5290"
          ],
          "pending": [],
          "skipped": [],
          "duration": 22656,
          "root": false,
          "rootEmpty": false,
          "_timeout": 2000
        },
        {
          "uuid": "a26e5922-5d8b-48c2-ba6a-c55be7438717",
          "title": "Funcionalidade carrinho usando cookie \"ebacVersion\"",
          "fullFile": "",
          "file": "",
          "beforeHooks": [],
          "afterHooks": [],
          "tests": [
            {
              "title": "Deve adicionar e remover produto do carrinho",
              "fullTitle": "Funcionalidade carrinho usando cookie \"ebacVersion\" Deve adicionar e remover produto do carrinho",
              "timedOut": null,
              "duration": 2563,
              "state": "passed",
              "speed": "fast",
              "pass": true,
              "fail": false,
              "pending": false,
              "context": null,
              "code": "cy.intercept('PUT', '/public/updateCart/*', {\n  fixture: 'carrinhoCookie.json'\n}).as('addCarrinhoCookie');\ncy.addProdutoCookie();\ncy.wait('@addCarrinhoCookie').its('response.statusCode').should('eq', 200);\ncy.get('[data-testid=\"emptyCart\"]').should('have.text', 'Your cart is empty');",
              "err": {},
              "uuid": "05f72dff-db2c-4551-ba20-ff9e9753a936",
              "parentUUID": "a26e5922-5d8b-48c2-ba6a-c55be7438717",
              "isHook": false,
              "skipped": false
            }
          ],
          "suites": [],
          "passes": [
            "05f72dff-db2c-4551-ba20-ff9e9753a936"
          ],
          "failures": [],
          "pending": [],
          "skipped": [],
          "duration": 2563,
          "root": false,
          "rootEmpty": false,
          "_timeout": 2000
        }
      ],
      "passes": [],
      "failures": [],
      "pending": [],
      "skipped": [],
      "duration": 0,
      "root": true,
      "rootEmpty": true,
      "_timeout": 2000
    }
  ],
  "meta": {
    "mocha": {
      "version": "7.2.0"
    },
    "mochawesome": {
      "options": {
        "quiet": false,
        "reportFilename": "mochawesome",
        "saveHtml": false,
        "saveJson": true,
        "consoleReporter": "spec",
        "useInlineDiffs": false,
        "code": true
      },
      "version": "7.1.3"
    },
    "marge": {
      "options": {
        "reportDir": "cypress/results",
        "overwrite": false,
        "html": false,
        "json": true
      },
      "version": "6.2.0"
    }
  }
}